#
# A fatal error has been detected by the Java Runtime Environment:
#
#  EXCEPTION_STACK_OVERFLOW (0xc00000fd) at pc=0x0000000052774147, pid=114252, tid=0x000000000001c104
#
# JRE version: Java(TM) SE Runtime Environment (8.0_131-b11) (build 1.8.0_131-b11)
# Java VM: Java HotSpot(TM) 64-Bit Server VM (25.131-b11 mixed mode windows-amd64 compressed oops)
# Problematic frame:
# V  [jvm.dll+0x214147]
#
# Failed to write core dump. Minidumps are not enabled by default on client versions of Windows
#
# If you would like to submit a bug report, please visit:
#   http://bugreport.java.com/bugreport/crash.jsp
#

---------------  T H R E A D  ---------------

Current thread (0x000000001bfeb800):  JavaThread "JMX server connection timeout 41" daemon [_thread_in_vm, id=114948, stack(0x0000000020490000,0x0000000020590000)]

siginfo: ExceptionCode=0xc00000fd, ExceptionInformation=0x0000000000000001 0x000000002058d7f0 

Registers:
RAX=0x000000002058d7f0, RBX=0x0000000000000003, RCX=0x0000000000002000, RDX=0x0000000000000006
RSP=0x000000002058f7f0, RBP=0x0000000000000000, RSI=0x000000002058f7f0, RDI=0x0000000000000003
R8 =0x0000000000000006, R9 =0x000000001eae46b0, R10=0x000000001792d4c0, R11=0x000000002049a148
R12=0x000000001eae46b0, R13=0x000000001bfeb800, R14=0x000000002058f8b8, R15=0x000000001792d4c0
RIP=0x0000000052774147, EFLAGS=0x0000000000010206

Top of Stack: (sp=0x000000002058f7f0)
0x000000002058f7f0:   0000d2eb6f2681c2 00000000543d4e7e
0x000000002058f800:   000000001bfeb800 000000001eae46b0
0x000000002058f810:   00000000ffffffff 0000000052775077
0x000000002058f820:   000000002058f920 000000001792d4c0
0x000000002058f830:   000000001bfeb800 0000000052620a83
0x000000002058f840:   000000002058f880 000000001bfeb800
0x000000002058f850:   000000002058f910 000000001bfeb800
0x000000002058f860:   000000001792d4c0 000000001bfeb800
0x000000002058f870:   0000000003373200 000000001bfeb800
0x000000002058f880:   000000001792d4c0 000000001bfeb800
0x000000002058f890:   000000001792d4c0 000000001bfeb800
0x000000002058f8a0:   0000000000000001 000000001792d4c0
0x000000002058f8b0:   000000001bfeb800 000000001c17fee0
0x000000002058f8c0:   000000001bfeb800 000000005262212d
0x000000002058f8d0:   000000002058fbd8 00000001000069a0
0x000000002058f8e0:   00000001000069a0 00007ffe7dd82e1a 

Instructions: (pc=0x0000000052774147)
0x0000000052774127:   48 89 6c 24 30 33 ed 66 90 e8 cb 3a 08 00 ff c3
0x0000000052774137:   48 63 c8 48 8b c6 48 0f af cf 48 ff c7 48 2b c1
0x0000000052774147:   89 28 48 63 c3 48 3b 05 85 25 59 00 7e db 48 8b
0x0000000052774157:   6c 24 30 48 8b 5c 24 38 48 8b 74 24 40 48 83 c4 


Register to memory mapping:

RAX=0x000000002058d7f0 is pointing into the stack for thread: 0x000000001bfeb800
RBX=0x0000000000000003 is an unknown value
RCX=0x0000000000002000 is an unknown value
RDX=0x0000000000000006 is an unknown value
RSP=0x000000002058f7f0 is pointing into the stack for thread: 0x000000001bfeb800
RBP=0x0000000000000000 is an unknown value
RSI=0x000000002058f7f0 is pointing into the stack for thread: 0x000000001bfeb800
RDI=0x0000000000000003 is an unknown value
R8 =0x0000000000000006 is an unknown value
R9 =0x000000001eae46b0 is an unknown value
R10={method} {0x000000001792d4c8} 'run' '()V' in 'java/lang/Thread'
R11=0x000000002049a148 is pointing into the stack for thread: 0x000000001bfeb800
R12=0x000000001eae46b0 is an unknown value
R13=0x000000001bfeb800 is a thread
R14=0x000000002058f8b8 is pointing into the stack for thread: 0x000000001bfeb800
R15={method} {0x000000001792d4c8} 'run' '()V' in 'java/lang/Thread'


Stack: [0x0000000020490000,0x0000000020590000],  sp=0x000000002058f7f0,  free space=1021k
Native frames: (J=compiled Java code, j=interpreted, Vv=VM code, C=native code)


---------------  P R O C E S S  ---------------

Java Threads: ( => current thread )
=>0x000000001bfeb800 JavaThread "JMX server connection timeout 41" daemon [_thread_in_vm, id=114948, stack(0x0000000020490000,0x0000000020590000)]
  0x000000001bfe8800 JavaThread "RMI TCP Connection(7)-192.168.56.1" daemon [_thread_in_native, id=115056, stack(0x000000001fb90000,0x000000001fc90000)]
  0x000000001bfeb000 JavaThread "Keep-Alive-Timer" daemon [_thread_blocked, id=115164, stack(0x000000001e4c0000,0x000000001e5c0000)]
  0x000000001bfed000 JavaThread "RMI TCP Connection(6)-192.168.56.1" daemon [_thread_in_native, id=115240, stack(0x000000001d5c0000,0x000000001d6c0000)]
  0x000000001c0d8000 JavaThread "com.alibaba.nacos.client.Worker.fixed-localhost_8848" daemon [_thread_blocked, id=114740, stack(0x000000001e1c0000,0x000000001e2c0000)]
  0x000000001c0d7800 JavaThread "com.alibaba.nacos.client.config.security.updater" daemon [_thread_blocked, id=114768, stack(0x000000001dfc0000,0x000000001e0c0000)]
  0x000000001c0ed800 JavaThread "Timer-0" daemon [_thread_blocked, id=115016, stack(0x000000001dec0000,0x000000001dfc0000)]
  0x000000001bd8d000 JavaThread "RMI TCP Connection(4)-192.168.56.1" daemon [_thread_in_native, id=114720, stack(0x000000001d8c0000,0x000000001d9c0000)]
  0x000000001bb04000 JavaThread "RMI Scheduler(0)" daemon [_thread_blocked, id=113904, stack(0x000000001ccc0000,0x000000001cdc0000)]
  0x000000001bae9000 JavaThread "RMI TCP Connection(2)-192.168.56.1" daemon [_thread_in_native, id=115344, stack(0x000000001cbc0000,0x000000001ccc0000)]
  0x000000001b908800 JavaThread "RMI TCP Accept-0" daemon [_thread_in_native, id=114792, stack(0x000000001c710000,0x000000001c810000)]
  0x000000001b0cc800 JavaThread "Service Thread" daemon [_thread_blocked, id=114588, stack(0x000000001b640000,0x000000001b740000)]
  0x000000001b06d000 JavaThread "C1 CompilerThread3" daemon [_thread_in_native, id=114884, stack(0x000000001b540000,0x000000001b640000)]
  0x000000001b04c800 JavaThread "C2 CompilerThread2" daemon [_thread_blocked, id=114080, stack(0x000000001b440000,0x000000001b540000)]
  0x000000001b01f800 JavaThread "C2 CompilerThread1" daemon [_thread_blocked, id=114564, stack(0x000000001b340000,0x000000001b440000)]
  0x000000001b01b000 JavaThread "C2 CompilerThread0" daemon [_thread_blocked, id=114888, stack(0x000000001b240000,0x000000001b340000)]
  0x000000001b019800 JavaThread "Monitor Ctrl-Break" daemon [_thread_in_native, id=114404, stack(0x000000001b140000,0x000000001b240000)]
  0x000000001a206800 JavaThread "Attach Listener" daemon [_thread_blocked, id=114804, stack(0x000000001a830000,0x000000001a930000)]
  0x000000001a262800 JavaThread "Signal Dispatcher" daemon [_thread_blocked, id=114864, stack(0x000000001a730000,0x000000001a830000)]
  0x000000001a1f1800 JavaThread "Finalizer" daemon [_thread_blocked, id=114360, stack(0x000000001a5d0000,0x000000001a6d0000)]
  0x00000000182ed000 JavaThread "Reference Handler" daemon [_thread_blocked, id=114936, stack(0x000000001a0d0000,0x000000001a1d0000)]
  0x0000000003263000 JavaThread "main" [_thread_in_Java, id=113536, stack(0x0000000003020000,0x0000000003120000)]

Other Threads:
  0x00000000182e8800 VMThread [stack: 0x0000000019fd0000,0x000000001a0d0000] [id=114780]
  0x000000001b90e800 WatcherThread [stack: 0x000000001c810000,0x000000001c910000] [id=114756]

VM state:not at safepoint (normal execution)

VM Mutex/Monitor currently owned by a thread: None

Heap:
 PSYoungGen      total 121344K, used 3282K [0x00000000d5e00000, 0x00000000dde80000, 0x0000000100000000)
  eden space 113152K, 2% used [0x00000000d5e00000,0x00000000d6134980,0x00000000dcc80000)
  from space 8192K, 0% used [0x00000000dce80000,0x00000000dce80000,0x00000000dd680000)
  to   space 7168K, 0% used [0x00000000dd780000,0x00000000dd780000,0x00000000dde80000)
 ParOldGen       total 50688K, used 13826K [0x0000000081a00000, 0x0000000084b80000, 0x00000000d5e00000)
  object space 50688K, 27% used [0x0000000081a00000,0x00000000827808c0,0x0000000084b80000)
 Metaspace       used 33081K, capacity 34358K, committed 34560K, reserved 1085440K
  class space    used 4501K, capacity 4794K, committed 4864K, reserved 1048576K

Card table byte_map: [0x0000000012720000,0x0000000012b20000] byte_map_base: 0x0000000012313000

Marking Bits: (ParMarkBitMap*) 0x0000000052d7c720
 Begin Bits: [0x00000000135d0000, 0x0000000015568000)
 End Bits:   [0x0000000015568000, 0x0000000017500000)

Polling page: 0x0000000001140000

CodeCache: size=245760Kb used=6891Kb max_used=6891Kb free=238868Kb
 bounds [0x0000000003360000, 0x0000000003a20000, 0x0000000012360000]
 total_blobs=3986 nmethods=3532 adapters=365
 compilation: enabled

Compilation events (10 events):
Event: 10.245 Thread 0x000000001b06d000 3571       1       java.util.Calendar::checkDisplayNameParams (61 bytes)
Event: 10.245 Thread 0x000000001b06d000 nmethod 3571 0x0000000003a11390 code [0x0000000003a11500, 0x0000000003a117b8]
Event: 10.245 Thread 0x000000001b06d000 3572   !   1       java.text.SimpleDateFormat::zeroPaddingNumber (270 bytes)
Event: 10.248 Thread 0x000000001b06d000 nmethod 3572 0x0000000003a11950 code [0x0000000003a11ce0, 0x0000000003a143d8]
Event: 10.248 Thread 0x000000001b06d000 3573       1       java.lang.ThreadLocal::set (30 bytes)
Event: 10.248 Thread 0x000000001b06d000 nmethod 3573 0x0000000003a16a50 code [0x0000000003a16bc0, 0x0000000003a16d88]
Event: 10.250 Thread 0x000000001b06d000 3574       1       java.lang.Class::privateGetDeclaredFields (67 bytes)
Event: 10.251 Thread 0x000000001b06d000 nmethod 3574 0x0000000003a16e90 code [0x0000000003a17040, 0x0000000003a173e8]
Event: 10.251 Thread 0x000000001b06d000 3575       1       java.lang.Class::searchFields (41 bytes)
Event: 10.251 Thread 0x000000001b06d000 nmethod 3575 0x0000000003a17650 code [0x0000000003a177e0, 0x0000000003a17ae8]

GC Heap History (10 events):
Event: 8.988 GC heap before
{Heap before GC invocations=10 (full 1):
 PSYoungGen      total 120320K, used 120224K [0x00000000d5e00000, 0x00000000dde80000, 0x0000000100000000)
  eden space 113152K, 100% used [0x00000000d5e00000,0x00000000dcc80000,0x00000000dcc80000)
  from space 7168K, 98% used [0x00000000dd780000,0x00000000dde680a8,0x00000000dde80000)
  to   space 8192K, 0% used [0x00000000dce80000,0x00000000dce80000,0x00000000dd680000)
 ParOldGen       total 50688K, used 6894K [0x0000000081a00000, 0x0000000084b80000, 0x00000000d5e00000)
  object space 50688K, 13% used [0x0000000081a00000,0x00000000820bb890,0x0000000084b80000)
 Metaspace       used 29465K, capacity 30656K, committed 30976K, reserved 1075200K
  class space    used 4001K, capacity 4267K, committed 4352K, reserved 1048576K
Event: 9.003 GC heap after
Heap after GC invocations=10 (full 1):
 PSYoungGen      total 121344K, used 8185K [0x00000000d5e00000, 0x00000000dde80000, 0x0000000100000000)
  eden space 113152K, 0% used [0x00000000d5e00000,0x00000000d5e00000,0x00000000dcc80000)
  from space 8192K, 99% used [0x00000000dce80000,0x00000000dd67e588,0x00000000dd680000)
  to   space 7168K, 0% used [0x00000000dd780000,0x00000000dd780000,0x00000000dde80000)
 ParOldGen       total 50688K, used 9701K [0x0000000081a00000, 0x0000000084b80000, 0x00000000d5e00000)
  object space 50688K, 19% used [0x0000000081a00000,0x00000000823794b0,0x0000000084b80000)
 Metaspace       used 29465K, capacity 30656K, committed 30976K, reserved 1075200K
  class space    used 4001K, capacity 4267K, committed 4352K, reserved 1048576K
}
Event: 10.073 GC heap before
{Heap before GC invocations=11 (full 1):
 PSYoungGen      total 121344K, used 72649K [0x00000000d5e00000, 0x00000000dde80000, 0x0000000100000000)
  eden space 113152K, 56% used [0x00000000d5e00000,0x00000000d9cf3f98,0x00000000dcc80000)
  from space 8192K, 99% used [0x00000000dce80000,0x00000000dd67e588,0x00000000dd680000)
  to   space 7168K, 0% used [0x00000000dd780000,0x00000000dd780000,0x00000000dde80000)
 ParOldGen       total 50688K, used 9701K [0x0000000081a00000, 0x0000000084b80000, 0x00000000d5e00000)
  object space 50688K, 19% used [0x0000000081a00000,0x00000000823794b0,0x0000000084b80000)
 Metaspace       used 32293K, capacity 33530K, committed 33664K, reserved 1085440K
  class space    used 4412K, capacity 4692K, committed 4736K, reserved 1048576K
Event: 10.081 GC heap after
Heap after GC invocations=11 (full 1):
 PSYoungGen      total 120320K, used 7136K [0x00000000d5e00000, 0x00000000dde80000, 0x0000000100000000)
  eden space 113152K, 0% used [0x00000000d5e00000,0x00000000d5e00000,0x00000000dcc80000)
  from space 7168K, 99% used [0x00000000dd780000,0x00000000dde78120,0x00000000dde80000)
  to   space 8192K, 0% used [0x00000000dce80000,0x00000000dce80000,0x00000000dd680000)
 ParOldGen       total 50688K, used 13205K [0x0000000081a00000, 0x0000000084b80000, 0x00000000d5e00000)
  object space 50688K, 26% used [0x0000000081a00000,0x00000000826e5758,0x0000000084b80000)
 Metaspace       used 32293K, capacity 33530K, committed 33664K, reserved 1085440K
  class space    used 4412K, capacity 4692K, committed 4736K, reserved 1048576K
}
Event: 10.081 GC heap before
{Heap before GC invocations=12 (full 2):
 PSYoungGen      total 120320K, used 7136K [0x00000000d5e00000, 0x00000000dde80000, 0x0000000100000000)
  eden space 113152K, 0% used [0x00000000d5e00000,0x00000000d5e00000,0x00000000dcc80000)
  from space 7168K, 99% used [0x00000000dd780000,0x00000000dde78120,0x00000000dde80000)
  to   space 8192K, 0% used [0x00000000dce80000,0x00000000dce80000,0x00000000dd680000)
 ParOldGen       total 50688K, used 13205K [0x0000000081a00000, 0x0000000084b80000, 0x00000000d5e00000)
  object space 50688K, 26% used [0x0000000081a00000,0x00000000826e5758,0x0000000084b80000)
 Metaspace       used 32293K, capacity 33530K, committed 33664K, reserved 1085440K
  class space    used 4412K, capacity 4692K, committed 4736K, reserved 1048576K
Event: 10.156 GC heap after
Heap after GC invocations=12 (full 2):
 PSYoungGen      total 120320K, used 0K [0x00000000d5e00000, 0x00000000dde80000, 0x0000000100000000)
  eden space 113152K, 0% used [0x00000000d5e00000,0x00000000d5e00000,0x00000000dcc80000)
  from space 7168K, 0% used [0x00000000dd780000,0x00000000dd780000,0x00000000dde80000)
  to   space 8192K, 0% used [0x00000000dce80000,0x00000000dce80000,0x00000000dd680000)
 ParOldGen       total 50688K, used 15792K [0x0000000081a00000, 0x0000000084b80000, 0x00000000d5e00000)
  object space 50688K, 31% used [0x0000000081a00000,0x000000008296c240,0x0000000084b80000)
 Metaspace       used 32293K, capacity 33530K, committed 33664K, reserved 1081344K
  class space    used 4412K, capacity 4692K, committed 4736K, reserved 1048576K
}
Event: 10.279 GC heap before
{Heap before GC invocations=13 (full 2):
 PSYoungGen      total 120320K, used 9873K [0x00000000d5e00000, 0x00000000dde80000, 0x0000000100000000)
  eden space 113152K, 8% used [0x00000000d5e00000,0x00000000d67a4628,0x00000000dcc80000)
  from space 7168K, 0% used [0x00000000dd780000,0x00000000dd780000,0x00000000dde80000)
  to   space 8192K, 0% used [0x00000000dce80000,0x00000000dce80000,0x00000000dd680000)
 ParOldGen       total 50688K, used 15792K [0x0000000081a00000, 0x0000000084b80000, 0x00000000d5e00000)
  object space 50688K, 31% used [0x0000000081a00000,0x000000008296c240,0x0000000084b80000)
 Metaspace       used 32769K, capacity 34036K, committed 34176K, reserved 1085440K
  class space    used 4454K, capacity 4729K, committed 4736K, reserved 1048576K
Event: 10.282 GC heap after
Heap after GC invocations=13 (full 2):
 PSYoungGen      total 121344K, used 1042K [0x00000000d5e00000, 0x00000000dde80000, 0x0000000100000000)
  eden space 113152K, 0% used [0x00000000d5e00000,0x00000000d5e00000,0x00000000dcc80000)
  from space 8192K, 12% used [0x00000000dce80000,0x00000000dcf848c0,0x00000000dd680000)
  to   space 7168K, 0% used [0x00000000dd780000,0x00000000dd780000,0x00000000dde80000)
 ParOldGen       total 50688K, used 15800K [0x0000000081a00000, 0x0000000084b80000, 0x00000000d5e00000)
  object space 50688K, 31% used [0x0000000081a00000,0x000000008296e240,0x0000000084b80000)
 Metaspace       used 32769K, capacity 34036K, committed 34176K, reserved 1085440K
  class space    used 4454K, capacity 4729K, committed 4736K, reserved 1048576K
}
Event: 10.282 GC heap before
{Heap before GC invocations=14 (full 3):
 PSYoungGen      total 121344K, used 1042K [0x00000000d5e00000, 0x00000000dde80000, 0x0000000100000000)
  eden space 113152K, 0% used [0x00000000d5e00000,0x00000000d5e00000,0x00000000dcc80000)
  from space 8192K, 12% used [0x00000000dce80000,0x00000000dcf848c0,0x00000000dd680000)
  to   space 7168K, 0% used [0x00000000dd780000,0x00000000dd780000,0x00000000dde80000)
 ParOldGen       total 50688K, used 15800K [0x0000000081a00000, 0x0000000084b80000, 0x00000000d5e00000)
  object space 50688K, 31% used [0x0000000081a00000,0x000000008296e240,0x0000000084b80000)
 Metaspace       used 32769K, capacity 34036K, committed 34176K, reserved 1085440K
  class space    used 4454K, capacity 4729K, committed 4736K, reserved 1048576K
Event: 10.472 GC heap after
Heap after GC invocations=14 (full 3):
 PSYoungGen      total 121344K, used 0K [0x00000000d5e00000, 0x00000000dde80000, 0x0000000100000000)
  eden space 113152K, 0% used [0x00000000d5e00000,0x00000000d5e00000,0x00000000dcc80000)
  from space 8192K, 0% used [0x00000000dce80000,0x00000000dce80000,0x00000000dd680000)
  to   space 7168K, 0% used [0x00000000dd780000,0x00000000dd780000,0x00000000dde80000)
 ParOldGen       total 50688K, used 13826K [0x0000000081a00000, 0x0000000084b80000, 0x00000000d5e00000)
  object space 50688K, 27% used [0x0000000081a00000,0x00000000827808c0,0x0000000084b80000)
 Metaspace       used 32769K, capacity 34036K, committed 34176K, reserved 1083392K
  class space    used 4454K, capacity 4729K, committed 4736K, reserved 1048576K
}

Deoptimization events (0 events):
No events

Internal exceptions (10 events):
Event: 10.168 Thread 0x0000000003263000 Exception <a 'java/lang/ArrayIndexOutOfBoundsException'> (0x00000000d5eb4c58) thrown at [C:\re\workspace\8-2-build-windows-amd64-cygwin\jdk8u131\8869\hotspot\src\share\vm\runtime\sharedRuntime.cpp, line 605]
Event: 10.169 Thread 0x0000000003263000 Exception <a 'java/lang/ArrayIndexOutOfBoundsException'> (0x00000000d5eb82a8) thrown at [C:\re\workspace\8-2-build-windows-amd64-cygwin\jdk8u131\8869\hotspot\src\share\vm\runtime\sharedRuntime.cpp, line 605]
Event: 10.169 Thread 0x0000000003263000 Exception <a 'java/lang/ArrayIndexOutOfBoundsException'> (0x00000000d5ebb740) thrown at [C:\re\workspace\8-2-build-windows-amd64-cygwin\jdk8u131\8869\hotspot\src\share\vm\runtime\sharedRuntime.cpp, line 605]
Event: 10.169 Thread 0x0000000003263000 Exception <a 'java/lang/ArrayIndexOutOfBoundsException'> (0x00000000d5ebedd8) thrown at [C:\re\workspace\8-2-build-windows-amd64-cygwin\jdk8u131\8869\hotspot\src\share\vm\runtime\sharedRuntime.cpp, line 605]
Event: 10.169 Thread 0x0000000003263000 Exception <a 'java/lang/ArrayIndexOutOfBoundsException'> (0x00000000d5ec2368) thrown at [C:\re\workspace\8-2-build-windows-amd64-cygwin\jdk8u131\8869\hotspot\src\share\vm\runtime\sharedRuntime.cpp, line 605]
Event: 10.170 Thread 0x0000000003263000 Exception <a 'java/lang/ArrayIndexOutOfBoundsException'> (0x00000000d5ec6bc8) thrown at [C:\re\workspace\8-2-build-windows-amd64-cygwin\jdk8u131\8869\hotspot\src\share\vm\runtime\sharedRuntime.cpp, line 605]
Event: 10.175 Thread 0x0000000003263000 Exception <a 'java/lang/ArrayIndexOutOfBoundsException'> (0x00000000d5f43850) thrown at [C:\re\workspace\8-2-build-windows-amd64-cygwin\jdk8u131\8869\hotspot\src\share\vm\runtime\sharedRuntime.cpp, line 605]
Event: 10.175 Thread 0x0000000003263000 Exception <a 'java/lang/ArrayIndexOutOfBoundsException'> (0x00000000d5f48cf8) thrown at [C:\re\workspace\8-2-build-windows-amd64-cygwin\jdk8u131\8869\hotspot\src\share\vm\runtime\sharedRuntime.cpp, line 605]
Event: 10.176 Thread 0x0000000003263000 Exception <a 'java/lang/ArrayIndexOutOfBoundsException'> (0x00000000d5f54670) thrown at [C:\re\workspace\8-2-build-windows-amd64-cygwin\jdk8u131\8869\hotspot\src\share\vm\runtime\sharedRuntime.cpp, line 605]
Event: 10.224 Thread 0x0000000003263000 Exception <a 'java/lang/ArrayIndexOutOfBoundsException'> (0x00000000d621ea90) thrown at [C:\re\workspace\8-2-build-windows-amd64-cygwin\jdk8u131\8869\hotspot\src\share\vm\runtime\sharedRuntime.cpp, line 605]

Events (10 events):
Event: 10.482 loading class com/alibaba/druid/stat/JdbcResultSetStat done
Event: 10.483 loading class com/alibaba/druid/stat/JdbcResultSetStatMBean
Event: 10.483 loading class com/alibaba/druid/stat/JdbcResultSetStatMBean done
Event: 10.484 loading class com/alibaba/druid/stat/JdbcStatementStat
Event: 10.484 loading class com/alibaba/druid/stat/JdbcStatementStat done
Event: 10.484 Thread 0x000000001bfeb800 Thread added: 0x000000001bfeb800
Event: 10.485 loading class com/alibaba/druid/stat/JdbcStatementStatMBean
Event: 10.485 loading class com/alibaba/druid/stat/JdbcStatementStatMBean done
Event: 10.486 loading class com/alibaba/druid/wall/WallFilter
Event: 10.486 loading class com/alibaba/druid/wall/WallFilter done


Dynamic libraries:
0x00007ff7772b0000 - 0x00007ff7772e7000 	C:\Program Files\Java\jdk1.8.0_131\bin\java.exe
0x00007ffe7dd60000 - 0x00007ffe7df50000 	C:\WINDOWS\SYSTEM32\ntdll.dll
0x00007ffe7d970000 - 0x00007ffe7da22000 	C:\WINDOWS\System32\KERNEL32.DLL
0x00007ffe7bb60000 - 0x00007ffe7be05000 	C:\WINDOWS\System32\KERNELBASE.dll
0x00007ffe7d4c0000 - 0x00007ffe7d563000 	C:\WINDOWS\System32\ADVAPI32.dll
0x00007ffe7dc80000 - 0x00007ffe7dd1e000 	C:\WINDOWS\System32\msvcrt.dll
0x00007ffe7da30000 - 0x00007ffe7dac7000 	C:\WINDOWS\System32\sechost.dll
0x00007ffe7d3a0000 - 0x00007ffe7d4c0000 	C:\WINDOWS\System32\RPCRT4.dll
0x00007ffe7bfe0000 - 0x00007ffe7c174000 	C:\WINDOWS\System32\USER32.dll
0x00007ffe7ba30000 - 0x00007ffe7ba51000 	C:\WINDOWS\System32\win32u.dll
0x00007ffe7be40000 - 0x00007ffe7be66000 	C:\WINDOWS\System32\GDI32.dll
0x00007ffe7b7f0000 - 0x00007ffe7b986000 	C:\WINDOWS\System32\gdi32full.dll
0x00007ffe7b990000 - 0x00007ffe7ba2e000 	C:\WINDOWS\System32\msvcp_win.dll
0x00007ffe7ba60000 - 0x00007ffe7bb5a000 	C:\WINDOWS\System32\ucrtbase.dll
0x00007ffe69e70000 - 0x00007ffe6a0f4000 	C:\WINDOWS\WinSxS\amd64_microsoft.windows.common-controls_6595b64144ccf1df_6.0.18362.1256_none_9e7e379be45e40e2\COMCTL32.dll
0x00007ffe7c940000 - 0x00007ffe7cc76000 	C:\WINDOWS\System32\combase.dll
0x00007ffe7b660000 - 0x00007ffe7b6e1000 	C:\WINDOWS\System32\bcryptPrimitives.dll
0x00007ffe7be10000 - 0x00007ffe7be3e000 	C:\WINDOWS\System32\IMM32.DLL
0x00007ffe5a940000 - 0x00007ffe5a970000 	C:\Program Files (x86)\DSOC\common\core\DGCore64.dll
0x00007ffe7d910000 - 0x00007ffe7d962000 	C:\WINDOWS\System32\SHLWAPI.dll
0x00007ffe5a910000 - 0x00007ffe5a938000 	C:\Program Files (x86)\DSOC\common\core\PublicLog64.dll
0x00007ffe7c230000 - 0x00007ffe7c917000 	C:\WINDOWS\System32\SHELL32.dll
0x00007ffe7b7a0000 - 0x00007ffe7b7ea000 	C:\WINDOWS\System32\cfgmgr32.dll
0x00007ffe7c180000 - 0x00007ffe7c229000 	C:\WINDOWS\System32\shcore.dll
0x00007ffe7aed0000 - 0x00007ffe7b651000 	C:\WINDOWS\System32\windows.storage.dll
0x00007ffe7aca0000 - 0x00007ffe7acc3000 	C:\WINDOWS\System32\profapi.dll
0x00007ffe7ac30000 - 0x00007ffe7ac7a000 	C:\WINDOWS\System32\powrprof.dll
0x00007ffe7ac00000 - 0x00007ffe7ac10000 	C:\WINDOWS\System32\UMPDC.dll
0x00007ffe7ac10000 - 0x00007ffe7ac21000 	C:\WINDOWS\System32\kernel.appcore.dll
0x00007ffe7ae50000 - 0x00007ffe7ae67000 	C:\WINDOWS\System32\cryptsp.dll
0x00007ffe5a670000 - 0x00007ffe5a6c2000 	C:\Program Files (x86)\DSOC\common\core\DGComDll64.dll
0x00007ffe7d330000 - 0x00007ffe7d39f000 	C:\WINDOWS\System32\WS2_32.dll
0x00007ffe7a160000 - 0x00007ffe7a19a000 	C:\WINDOWS\SYSTEM32\IPHLPAPI.DLL
0x00007ffe79d60000 - 0x00007ffe79d6a000 	C:\WINDOWS\SYSTEM32\VERSION.dll
0x00007ffe59aa0000 - 0x00007ffe59ae2000 	C:\Program Files (x86)\DSOC\common\core\ConfigDll64.dll
0x00007ffe7cc80000 - 0x00007ffe7cdd7000 	C:\WINDOWS\System32\ole32.dll
0x00007ffe597e0000 - 0x00007ffe59a95000 	C:\Program Files (x86)\DSOC\common\core\kernelrep.dll
0x00007ffe7d580000 - 0x00007ffe7d588000 	C:\WINDOWS\System32\PSAPI.DLL
0x00007ffe627b0000 - 0x00007ffe62839000 	C:\WINDOWS\SYSTEM32\WINSPOOL.DRV
0x00007ffe7acd0000 - 0x00007ffe7acf6000 	C:\WINDOWS\System32\bcrypt.dll
0x00007ffe77160000 - 0x00007ffe77250000 	C:\WINDOWS\SYSTEM32\PROPSYS.dll
0x00007ffe7cde0000 - 0x00007ffe7cea5000 	C:\WINDOWS\System32\OLEAUT32.dll
0x00007ffe5a640000 - 0x00007ffe5a66c000 	C:\Program Files (x86)\DSOC\common\core\DGMoreOpen64.dll
0x00007ffe59730000 - 0x00007ffe59756000 	C:\Program Files (x86)\DSOC\common\core\AntiEmbedded64.dll
0x00007ffe59700000 - 0x00007ffe59726000 	C:\Program Files (x86)\DSOC\common\core\AntiClipboard64.dll
0x0000000054380000 - 0x0000000054452000 	C:\Program Files\Java\jdk1.8.0_131\jre\bin\msvcr100.dll
0x0000000052560000 - 0x0000000052dfc000 	C:\Program Files\Java\jdk1.8.0_131\jre\bin\server\jvm.dll
0x00007ffe53d10000 - 0x00007ffe53d19000 	C:\WINDOWS\SYSTEM32\WSOCK32.dll
0x00007ffe6b550000 - 0x00007ffe6b574000 	C:\WINDOWS\SYSTEM32\WINMM.dll
0x00007ffe6b520000 - 0x00007ffe6b54d000 	C:\WINDOWS\SYSTEM32\WINMMBASE.dll
0x0000000054370000 - 0x000000005437f000 	C:\Program Files\Java\jdk1.8.0_131\jre\bin\verify.dll
0x0000000054340000 - 0x0000000054369000 	C:\Program Files\Java\jdk1.8.0_131\jre\bin\java.dll
0x0000000051630000 - 0x0000000051653000 	C:\Program Files\Java\jdk1.8.0_131\jre\bin\instrument.dll
0x0000000052540000 - 0x0000000052556000 	C:\Program Files\Java\jdk1.8.0_131\jre\bin\zip.dll
0x00007ffe54180000 - 0x00007ffe5419a000 	C:\Program Files\JetBrains\IntelliJ IDEA 2020.2.4\bin\breakgen64.dll
0x0000000052520000 - 0x000000005253a000 	C:\Program Files\Java\jdk1.8.0_131\jre\bin\net.dll
0x00007ffe7a450000 - 0x00007ffe7a4b7000 	C:\WINDOWS\system32\mswsock.dll
0x00007ffe7a1a0000 - 0x00007ffe7a26b000 	C:\WINDOWS\SYSTEM32\DNSAPI.dll
0x00007ffe7ceb0000 - 0x00007ffe7ceb8000 	C:\WINDOWS\System32\NSI.dll
0x00007ffe6cc90000 - 0x00007ffe6cc9a000 	C:\Windows\System32\rasadhlp.dll
0x00007ffe6f800000 - 0x00007ffe6f877000 	C:\WINDOWS\System32\fwpuclnt.dll
0x0000000051690000 - 0x000000005169d000 	C:\Program Files\Java\jdk1.8.0_131\jre\bin\management.dll
0x0000000052500000 - 0x0000000052511000 	C:\Program Files\Java\jdk1.8.0_131\jre\bin\nio.dll
0x00007ffe79fc0000 - 0x00007ffe79ff3000 	C:\WINDOWS\system32\rsaenh.dll
0x00007ffe7ab20000 - 0x00007ffe7ab45000 	C:\WINDOWS\SYSTEM32\USERENV.dll
0x00007ffe7a620000 - 0x00007ffe7a62c000 	C:\WINDOWS\SYSTEM32\CRYPTBASE.dll
0x00007ffe73a60000 - 0x00007ffe73a76000 	C:\WINDOWS\SYSTEM32\dhcpcsvc6.DLL
0x00007ffe73960000 - 0x00007ffe7397c000 	C:\WINDOWS\SYSTEM32\dhcpcsvc.DLL
0x00007ffe66260000 - 0x00007ffe66276000 	C:\WINDOWS\system32\napinsp.dll
0x00007ffe66240000 - 0x00007ffe6625a000 	C:\WINDOWS\system32\pnrpnsp.dll
0x00007ffe66080000 - 0x00007ffe6608e000 	C:\WINDOWS\System32\winrnr.dll
0x00007ffe6f770000 - 0x00007ffe6f78c000 	C:\WINDOWS\system32\NLAapi.dll
0x00007ffe76790000 - 0x00007ffe767a5000 	C:\WINDOWS\system32\wshbth.dll

VM Arguments:
jvm_args: -XX:TieredStopAtLevel=1 -Xverify:none -Dspring.output.ansi.enabled=always -Dcom.sun.management.jmxremote -Dspring.jmx.enabled=true -Dspring.liveBeansView.mbeanDomain -Dspring.application.admin.enabled=true -javaagent:C:\Program Files\JetBrains\IntelliJ IDEA 2020.2.4\lib\idea_rt.jar=59719:C:\Program Files\JetBrains\IntelliJ IDEA 2020.2.4\bin -Dfile.encoding=UTF-8 
java_command: io.renren.RenRenFastMain
java_class_path (initial): C:\Users\jinha\AppData\Local\Temp\classpath1723342323.jar;C:\Program Files\JetBrains\IntelliJ IDEA 2020.2.4\lib\idea_rt.jar
Launcher Type: SUN_STANDARD

Environment Variables:
JAVA_HOME=C:\Program Files\Java\jdk1.8.0_131
CLASSPATH=.;C:\Program Files\Java\jdk1.8.0_131\lib;C:\Program Files\Java\jdk1.8.0_131\lib\tools.jar;C:\Program Files\Apache Software Foundation\Tomcat 8.5\common\lib\servlet-api.jar;
PATH=C:\ProgramData\Oracle\Java\javapath;C:\Program Files (x86)\Intel\Intel(R) Management Engine Components\iCLS\;C:\Program Files\Intel\Intel(R) Management Engine Components\iCLS\;C:\windows\system32;C:\windows;C:\windows\System32\Wbem;C:\windows\System32\WindowsPowerShell\v1.0\;C:\windows\System32\OpenSSH\;C:\Program Files (x86)\NVIDIA Corporation\PhysX\Common;C:\Program Files (x86)\Intel\Intel(R) Management Engine Components\DAL;C:\Program Files\Intel\Intel(R) Management Engine Components\DAL;C:\Program Files (x86)\Intel\Intel(R) Management Engine Components\IPT;C:\Program Files\Intel\Intel(R) Management Engine Components\IPT;C:\Program Files\NVIDIA Corporation\NVIDIA NvDLISR;C:\Program Files\Java\jdk1.8.0_131\bin;C:\Program Files\Java\jdk1.8.0_131\jre\bin;C:\n\测试工具\Google浏览器及驱动安装\Google\Chrome\Application;\bin;C:\Pro;ram Files (x86)\IVI Foundation\VISA\WinNT\Bin\;C:\Program Files\IVI Foundation\VISA\Win64\Bin\;C:\Program Files (x86)\IVI Foundation\VISA\WinNT\Bin;C:\WINDOWS\system32;C:\WINDOWS;C:\WINDOWS\System32\Wbem;C:\WINDOWS\System32\WindowsPowerShell\v1.0\;C:\WINDOWS\System32\OpenSSH\;C:\Program Files (x86)\Common Files\ESM\;C:\Program Files\Apache Software Foundation\Tomcat 8.5\bin;C:\Program Files\MySQL\MySQL Server 5.5\bin;C:\java\apache-maven-3.6.1-bin\apache-maven-3.6.1\bin;C:\Program Files\Git\cmd;C:\ProgramData\chocolatey\bin;C:\HashiCorp\Vagrant\bin;C:\Program Files\Microsoft VS Code\bin;C:\Program Files\nodejs\;C:\Users\jinha\AppData\Roaming\npm\node_modules\@vue\cli-init\node_modules\.bin;C:\Users\jinha\AppData\Local\Microsoft\WindowsApps;%IntelliJ IDEA%;;C:\Program Files\JetBrains\PyCharm Professional Edition with Anaconda plugin 2019.3.3\bin;;C:\Users\jinha\AppData\Roaming\npm
USERNAME=jinha
OS=Windows_NT
PROCESSOR_IDENTIFIER=Intel64 Family 6 Model 142 Stepping 10, GenuineIntel



---------------  S Y S T E M  ---------------

OS: Windows 10.0 , 64 bit Build 18362 (10.0.18362.1110)

CPU:total 8 (initial active 8) (4 cores per cpu, 2 threads per core) family 6 model 142 stepping 10, cmov, cx8, fxsr, mmx, sse, sse2, sse3, ssse3, sse4.1, sse4.2, popcnt, avx, avx2, aes, clmul, erms, 3dnowpref, lzcnt, ht, tsc, tscinvbit, bmi1, bmi2, adx

Memory: 4k page, physical 8281304k(481304k free), swap 24009944k(0k free)

vm_info: Java HotSpot(TM) 64-Bit Server VM (25.131-b11) for windows-amd64 JRE (1.8.0_131-b11), built on Mar 15 2017 01:23:53 by "java_re" with MS VC++ 10.0 (VS2010)

time: Fri Dec 11 16:45:35 2020
elapsed time: 10 seconds (0d 0h 0m 10s)

